<?xml version="1.0" encoding="UTF-8"?>
<testsuite name="Other Test"
           tests="3"
           failures="0"
           errors="0"
           skipped="0"
           time="0.014">
  <properties />
  
  
            <testcase name="testAsserts" time="0.000" classname="com.simplilearn.testng.AssertionTest" />
                <testcase name="softAssertTest" time="0.013" classname="com.simplilearn.testng.AssertionTest" />
                <testcase name="hardAssertTest" time="0.001" classname="com.simplilearn.testng.AssertionTest" />
      
</testsuite>
