<?xml version="1.0" encoding="UTF-8"?>
<testng-results ignored="0" total="2" passed="2" failed="0" skipped="0">
  <reporter-output>
  </reporter-output>
  <suite started-at="2023-12-14T12:43:29 IST" name="Default suite" finished-at="2023-12-14T12:43:45 IST" duration-ms="15928">
    <groups>
    </groups>
    <test started-at="2023-12-14T12:43:29 IST" name="Default test" finished-at="2023-12-14T12:43:45 IST" duration-ms="15928">
      <class name="com.simplilearn.testng.amazon.AmazonSearchTest">
        <test-method is-config="true" signature="beforeClass()[pri:0, instance:com.simplilearn.testng.amazon.AmazonSearchTest@783a467b]" started-at="2023-12-14T12:43:29 IST" name="beforeClass" finished-at="2023-12-14T12:43:38 IST" duration-ms="8879" status="PASS">
          <reporter-output>
          </reporter-output>
        </test-method> <!-- beforeClass -->
        <test-method signature="testSearch1()[pri:0, instance:com.simplilearn.testng.amazon.AmazonSearchTest@783a467b]" started-at="2023-12-14T12:43:38 IST" name="testSearch1" description="Search Iphone 15 pro max" finished-at="2023-12-14T12:43:40 IST" duration-ms="2496" status="PASS">
          <reporter-output>
          </reporter-output>
        </test-method> <!-- testSearch1 -->
        <test-method signature="testSearch2()[pri:0, instance:com.simplilearn.testng.amazon.AmazonSearchTest@783a467b]" started-at="2023-12-14T12:43:40 IST" name="testSearch2" description="Search Iphone 15 pro max" finished-at="2023-12-14T12:43:43 IST" duration-ms="2317" status="PASS">
          <reporter-output>
          </reporter-output>
        </test-method> <!-- testSearch2 -->
        <test-method is-config="true" signature="afterClass()[pri:0, instance:com.simplilearn.testng.amazon.AmazonSearchTest@783a467b]" started-at="2023-12-14T12:43:43 IST" name="afterClass" finished-at="2023-12-14T12:43:45 IST" duration-ms="2170" status="PASS">
          <reporter-output>
          </reporter-output>
        </test-method> <!-- afterClass -->
      </class> <!-- com.simplilearn.testng.amazon.AmazonSearchTest -->
    </test> <!-- Default test -->
  </suite> <!-- Default suite -->
</testng-results>
