<?xml version="1.0" encoding="UTF-8"?>
<!-- Generated by org.testng.reporters.JUnitReportReporter -->
<testsuite hostname="DESKTOP-1BG2D9V" failures="0" tests="3" name="com.simplilearn.testng.AssertionTest" time="0.068" errors="0" timestamp="2023-12-14T12:18:12 IST" skipped="0">
  <testcase classname="com.simplilearn.testng.AssertionTest" name="softAssertTest" time="0.027"/>
  <testcase classname="com.simplilearn.testng.AssertionTest" name="testAsserts" time="0.002"/>
  <testcase classname="com.simplilearn.testng.AssertionTest" name="hardAssertTest" time="0.039"/>
</testsuite> <!-- com.simplilearn.testng.AssertionTest -->
