<?xml version="1.0" encoding="UTF-8"?>
<!-- Generated by org.testng.reporters.JUnitReportReporter -->
<testsuite hostname="DESKTOP-1BG2D9V" failures="0" tests="2" name="com.simplilearn.testng.amazon.AmazonSearchTest" time="4.813" errors="0" timestamp="2023-12-14T12:43:45 IST" skipped="0">
  <testcase classname="com.simplilearn.testng.amazon.AmazonSearchTest" name="testSearch2" time="2.317"/>
  <testcase classname="com.simplilearn.testng.amazon.AmazonSearchTest" name="testSearch1" time="2.496"/>
</testsuite> <!-- com.simplilearn.testng.amazon.AmazonSearchTest -->
