<?xml version="1.0" encoding="UTF-8"?>
<!-- Generated by org.testng.reporters.JUnitReportReporter -->
<testsuite hostname="DESKTOP-1BG2D9V" failures="0" tests="3" name="com.simplilearn.testng.AmazonHomePageTest" time="32.353" errors="0" timestamp="2023-12-14T12:36:46 IST" skipped="0">
  <testcase classname="com.simplilearn.testng.AmazonHomePageTest" name="testAmazonHomePageSourceUrl" time="8.802"/>
  <testcase classname="com.simplilearn.testng.AmazonHomePageTest" name="testAmazonHomePageTitle" time="13.108"/>
  <testcase classname="com.simplilearn.testng.AmazonHomePageTest" name="testAmazonHomePageTitle2" time="10.443"/>
</testsuite> <!-- com.simplilearn.testng.AmazonHomePageTest -->
