<?xml version="1.0" encoding="UTF-8"?>
<!-- Generated by org.testng.reporters.JUnitReportReporter -->
<testsuite hostname="DESKTOP-1BG2D9V" failures="0" tests="3" name="com.simplilearn.testng.TestNgStandardAnnotationTest" time="0.013" errors="0" timestamp="2023-12-14T10:33:38 IST" skipped="1">
  <testcase classname="com.simplilearn.testng.TestNgStandardAnnotationTest" name="testTwo" time="0.002"/>
  <testcase classname="com.simplilearn.testng.TestNgStandardAnnotationTest" name="testOne" time="0.011"/>
  <testcase classname="com.simplilearn.testng.TestNgStandardAnnotationTest" name="testThree">
    <skipped/>
  </testcase> <!-- testThree -->
</testsuite> <!-- com.simplilearn.testng.TestNgStandardAnnotationTest -->
