<?xml version="1.0" encoding="UTF-8"?>
<!-- Generated by org.testng.reporters.JUnitReportReporter -->
<testsuite hostname="DESKTOP-1BG2D9V" failures="0" tests="6" name="com.simplilearn.testng.AttributeTest" time="0.230" errors="0" timestamp="2023-12-14T11:44:41 IST" skipped="1">
  <testcase classname="com.simplilearn.testng.AttributeTest" name="testTwo" time="0.002"/>
  <testcase classname="com.simplilearn.testng.AttributeTest" name="r3" time="0.001"/>
  <testcase classname="com.simplilearn.testng.AttributeTest" name="r2" time="0.201"/>
  <testcase classname="com.simplilearn.testng.AttributeTest" name="r1" time="0.015"/>
  <testcase classname="com.simplilearn.testng.AttributeTest" name="testOne" time="0.011"/>
  <testcase classname="com.simplilearn.testng.AttributeTest" name="testThree">
    <skipped/>
  </testcase> <!-- testThree -->
</testsuite> <!-- com.simplilearn.testng.AttributeTest -->
