<?xml version="1.0" encoding="UTF-8"?>
<testsuite name="Surefire test"
           tests="2"
           failures="0"
           errors="0"
           skipped="0"
           time="7.284">
  <properties />
  
  
            <testcase name="tdLinkTest1" time="4.508" classname="com.simplilearn.testng.amazon.AmazonLinkVerificationCssSelectorTest" />
                <testcase name="tdLinkTest2" time="2.776" classname="com.simplilearn.testng.amazon.AmazonLinkVerificationCssSelectorTest" />
      
</testsuite>
